3.09944152832e-06: Starting run ...
32 time signatures in project
0.00105810165405: Finished getting siglist
16 media items selected
['(MediaTrack*)0x00000001040ABE00', '(MediaTrack*)0x00000001040ABE00', '(MediaTrack*)0x00000001040ABE00', '(MediaTrack*)0x00000001040ABE00', '(MediaTrack*)0x00000001040ABE00', '(MediaTrack*)0x00000001040ABE00', '(MediaTrack*)0x00000001040ABE00', '(MediaTrack*)0x00000001040ABE00', '(MediaTrack*)0x00000001040ABE00', '(MediaTrack*)0x00000001040ABE00', '(MediaTrack*)0x00000001040ABE00', '(MediaTrack*)0x00000001040ABE00', '(MediaTrack*)0x00000001040ABE00', '(MediaTrack*)0x00000001040ABE00', '(MediaTrack*)0x00000001040ABE00', '(MediaTrack*)0x00000001040ABE00']
0.00380206108093: Finished setting up selected media item list.
0.00568318367004: Finished getting list of ALL media items.
Id 31 deleted
Id 30 deleted
Id 29 deleted
Id 28 deleted
Id 27 deleted
Id 26 deleted
Id 25 deleted
Id 24 deleted
Id 23 deleted
Id 22 deleted
Id 21 deleted
Id 20 deleted
Id 19 deleted
Id 18 deleted
Id 17 deleted
Id 16 deleted
Id 15 deleted
Id 14 deleted
Id 13 deleted
Id 12 deleted
Id 11 deleted
Id 10 deleted
Id 9 deleted
Id 8 deleted
Id 7 deleted
Id 6 deleted
Id 5 deleted
Id 4 deleted
Id 3 deleted
Id 2 deleted
Id 1 deleted
Id 0 deleted
0.0259912014008: Finished removing tempo markers.
proj = 0
iid = (MediaItem*)0x000000011FA56DC0
pos = 0.0
length = 3.29371655329
posbeats = 1e-11
poscml = 4
poscdenom = 4
posbpm = 120.0
endbeats = 1.99858798669
endcml = 2
endcdenom = 4
endbpm = 84.7207991803
intime = 5e-12
outtime = 0.000999999993514
Sig 0 is in this item
Sig 1 is in this item
Entering replicate() with t=0.0
betweentime = 2.0
Item moved to 2.00000000001
Cloning sig 0 with offset 2.00000000001 to 2.00000000001
Cloning sig 1 with offset 2.00000000001 to 3.87829931973
incount marker position = 5.29471655329
Cloning sig 0 with offset 7.29471655329 to 7.29471655329
Cloning sig 1 with offset 7.29471655329 to 9.17301587302
Item duped offset by 5.29471655329

proj = 0
iid = (MediaItem*)0x000000011C194040
pos = 3.29471655329
length = 2.87827437642
posbeats = 9.94535637704e-12
poscml = 2
poscdenom = 4
posbpm = 82.031
endbeats = 1.99858798669
endcml = 2
endcdenom = 4
endbpm = 84.7207991803
intime = 7.27433997662e-12
outtime = 0.000999999993244
Sig 2 is in this item
Sig 3 is in this item
Entering replicate() with t=10.5894331066
betweentime = 1.4628616011
Item moved to 12.0522947077
Cloning sig 2 with offset 8.75757815439 to 12.0522947077
Cloning sig 3 with offset 8.75757815439 to 13.5151518505
incount marker position = 14.9315690841
Cloning sig 2 with offset 13.0997141319 to 16.3944306852
Cloning sig 3 with offset 13.0997141319 to 17.8572878281
Item duped offset by 4.34213597752

proj = 0
iid = (MediaItem*)0x0000000101CF7D70
pos = 6.17399092971
length = 2.76217460317
posbeats = 1.03416178978e-11
poscml = 2
poscdenom = 4
posbpm = 89.1029094828
endbeats = 1.99858798669
endcml = 2
endcdenom = 4
endbpm = 84.7207991803
intime = 6.96382505877e-12
outtime = 0.000999999993655
Sig 5 is in this item
Entering replicate() with t=19.2737050616
betweentime = 1.34675736961
Item moved to 20.6204624312
Cloning sig 5 with offset 14.4464715015 to 21.9672198008
incount marker position = 23.3836370344
Cloning sig 5 with offset 18.5564034743 to 26.0771517736
Item duped offset by 4.10993197279

proj = 0
iid = (MediaItem*)0x0000000101CB6820
pos = 8.93716553288
length = 2.84344444444
posbeats = 9.74666780871e-12
poscml = 2
poscdenom = 4
posbpm = 84.7207991803
endbeats = 1.99859946647
endcml = 2
endcdenom = 4
endbpm = 84.0320121951
intime = 6.90267412702e-12
outtime = 0.000999999993476
Sig 6 is in this item
Sig 7 is in this item
Entering replicate() with t=27.4935690072
betweentime = 1.41641723356
Item moved to 28.9099862408
Cloning sig 6 with offset 19.9728207079 to 28.9099862408
Cloning sig 7 with offset 19.9728207079 to 30.3264034743
incount marker position = 31.7544306852
Cloning sig 6 with offset 24.2336823859 to 33.1708479188
Cloning sig 7 with offset 24.2336823859 to 34.5872651523
Item duped offset by 4.26086167801

proj = 0
iid = (MediaItem*)0x000000011FA8FCA0
pos = 11.7816099773
length = 2.71573469388
posbeats = 1.01464640375e-11
poscml = 2
poscdenom = 4
posbpm = 88.3413461539
endbeats = 1.99852764424
endcml = 2
endcdenom = 4
endbpm = 88.3413461539
intime = 6.8913127177e-12
outtime = 0.000999999992656
Sig 9 is in this item
Entering replicate() with t=36.0152923632
betweentime = 1.35836734694
Item moved to 37.3736597101
Cloning sig 9 with offset 25.5920497328 to 38.7320270571
incount marker position = 40.090394404
Cloning sig 9 with offset 29.6671517736 to 42.8071290979
Item duped offset by 4.07510204081

proj = 0
iid = (MediaItem*)0x000000011C194F50
pos = 14.4983446712
length = 2.8202244898
posbeats = 1.07048153045e-11
poscml = 2
poscdenom = 4
posbpm = 84.7207991803
endbeats = 1.99857631716
endcml = 2
endcdenom = 4
endbpm = 85.4209710744
intime = 7.58124243967e-12
outtime = 0.000999999993218
Sig 11 is in this item
Entering replicate() with t=44.1654964448
betweentime = 1.41641723356
Item moved to 45.5819136784
Cloning sig 11 with offset 31.0835690072 to 46.998330912
incount marker position = 48.4031381682
Cloning sig 11 with offset 35.3212107306 to 51.2359726353
Item duped offset by 4.23764172336

proj = 0
iid = (MediaItem*)0x000000011FA2B7F0
pos = 17.319569161
length = 2.66929478458
posbeats = 1.03972699362e-11
poscml = 2
poscdenom = 4
posbpm = 90.6661184211
endbeats = 1.99851495152
endcml = 2
endcdenom = 4
endbpm = 89.1029094828
intime = 6.88058788706e-12
outtime = 0.00099999999254
Sig 13 is in this item
Entering replicate() with t=52.6407798915
betweentime = 1.32353741497
Item moved to 53.9643173065
Cloning sig 13 with offset 36.6447481455 to 55.2878547215
incount marker position = 56.6346120911
Cloning sig 13 with offset 40.6385803451 to 59.281686921
Item duped offset by 3.99383219955

proj = 0
iid = (MediaItem*)0x000000011BC804B0
pos = 19.9898639456
length = 2.84344444444
posbeats = 9.4657051694e-12
poscml = 2
poscdenom = 4
posbpm = 82.03125
endbeats = 1.99855238972
endcml = 2
endcdenom = 4
endbpm = 86.8566176471
intime = 6.92348720962e-12
outtime = 0.000999999992836
Sig 14 is in this item
Sig 15 is in this item
Entering replicate() with t=60.6284442906
betweentime = 1.46285714286
Item moved to 62.0913014335
Cloning sig 14 with offset 42.1014374879 to 62.0913014335
Cloning sig 15 with offset 42.1014374879 to 63.5541585764
incount marker position = 64.9357458779
Cloning sig 14 with offset 46.4087390752 to 66.3986030208
Cloning sig 15 with offset 46.4087390752 to 67.8614601637
Item duped offset by 4.3073015873

proj = 0
iid = (MediaItem*)0x000000011FA2CB80
pos = 22.83430839
length = 2.80861451247
posbeats = 9.84699738942e-12
poscml = 2
poscdenom = 4
posbpm = 83.3543346774
endbeats = 1.99854012183
endcml = 2
endcdenom = 4
endbpm = 87.592690678
intime = 7.088051817e-12
outtime = 0.000999999992268
Sig 16 is in this item
Sig 17 is in this item
Entering replicate() with t=69.2430474652
betweentime = 1.43963718821
Item moved to 70.6826846535
Cloning sig 16 with offset 47.8483762634 to 70.6826846535
Cloning sig 17 with offset 47.8483762634 to 72.1223218417
incount marker position = 73.4922991659
Cloning sig 16 with offset 52.0976279641 to 74.9319363541
Cloning sig 17 with offset 52.0976279641 to 76.3715735423
Item duped offset by 4.24925170068

proj = 0
iid = (MediaItem*)0x000000011C1965E0
pos = 25.6439229025
length = 2.65768480726
posbeats = 1.0575394433e-11
poscml = 2
poscdenom = 4
posbpm = 88.3413461539
endbeats = 1.99846191407
endcml = 2
endcdenom = 4
endbpm = 92.28515625
intime = 7.18263523936e-12
outtime = 0.00099999999348
Sig 19 is in this item
Entering replicate() with t=77.7415508666
betweentime = 1.35836734694
Item moved to 79.0999182135
Cloning sig 19 with offset 53.455995311 to 80.4582855605
incount marker position = 81.7586030208
Cloning sig 19 with offset 57.4730474652 to 84.4753377147
Item duped offset by 4.01705215419

proj = 0
iid = (MediaItem*)0x000000011FA2DBD0
pos = 28.3026077097
length = 2.69251473923
posbeats = 1.06663016912e-11
poscml = 2
poscdenom = 4
posbpm = 83.3543346774
endbeats = 1.99840494793
endcml = 2
endcdenom = 4
endbpm = 95.703125
intime = 7.67780228768e-12
outtime = 0.000999999993788
Sig 21 is in this item
Entering replicate() with t=85.775655175
betweentime = 1.43963718821
Item moved to 87.2152923632
Cloning sig 21 with offset 58.9126846535 to 88.6549295514
incount marker position = 89.9088071024
Cloning sig 21 with offset 63.0458365809 to 92.7880814789
Item duped offset by 4.13315192744

proj = 0
iid = (MediaItem*)0x000000011C132D90
pos = 30.996122449
length = 2.75056462585
posbeats = 1.04925937707e-11
poscml = 2
poscdenom = 4
posbpm = 84.0320121951
endbeats = 1.99848889804
endcml = 2
endcdenom = 4
endbpm = 90.6661184211
intime = 7.49185470862e-12
outtime = 0.000999999993132
Sig 23 is in this item
Entering replicate() with t=94.0419590299
betweentime = 1.42802721088
Item moved to 95.4699862408
Cloning sig 23 with offset 64.4738637918 to 96.8980134516
incount marker position = 98.2215508666
Cloning sig 23 with offset 68.6534556285 to 101.077605288
Item duped offset by 4.17959183674

proj = 0
iid = (MediaItem*)0x000000011FA2ED00
pos = 33.7476870748
length = 2.85505442177
posbeats = 9.37353261809e-12
poscml = 2
poscdenom = 4
posbpm = 81.3853346457
endbeats = 1.99855238972
endcml = 2
endcdenom = 4
endbpm = 86.8566176471
intime = 6.91048282266e-12
outtime = 0.000999999992647
Sig 24 is in this item
Sig 25 is in this item
Entering replicate() with t=102.401142703
betweentime = 1.47446712018
Item moved to 103.875609824
Cloning sig 24 with offset 70.1279227487 to 103.875609824
Cloning sig 25 with offset 70.1279227487 to 105.350076944
incount marker position = 106.731664245
Cloning sig 24 with offset 74.4584442906 to 108.206131365
Cloning sig 25 with offset 74.4584442906 to 109.680598486
Item duped offset by 4.33052154195

proj = 0
iid = (MediaItem*)0x000000011C197330
pos = 36.6037414966
length = 2.76217460317
posbeats = 1.01277239184e-11
poscml = 2
poscdenom = 4
posbpm = 89.8777173913
endbeats = 1.99859946647
endcml = 2
endcdenom = 4
endbpm = 84.0320121951
intime = 6.76100208974e-12
outtime = 0.000999999993048
Sig 27 is in this item
Entering replicate() with t=111.062185787
betweentime = 1.33514739229
Item moved to 112.39733318
Cloning sig 27 with offset 75.7935916829 to 113.732480572
incount marker position = 115.160507783
Cloning sig 27 with offset 79.8919136784 to 117.830802567
Item duped offset by 4.09832199546

proj = 0
iid = (MediaItem*)0x000000011FA2FA50
pos = 39.3669160998
length = 2.70412471655
posbeats = 9.31998839742e-12
poscml = 2
poscdenom = 4
posbpm = 88.3413461539
endbeats = 1.99851495152
endcml = 2
endcdenom = 4
endbpm = 89.1029094828
intime = 6.32998395645e-12
outtime = 0.000999999992479
Sig 28 is in this item
Sig 29 is in this item
Entering replicate() with t=119.258829778
betweentime = 1.35836734694
Item moved to 120.617197125
Cloning sig 28 with offset 81.2502810253 to 120.617197125
Cloning sig 29 with offset 81.2502810253 to 121.975564472
incount marker position = 123.322321842
Cloning sig 28 with offset 85.3137730888 to 124.680689189
Cloning sig 29 with offset 85.3137730888 to 126.039056536
Item duped offset by 4.06349206349

proj = 0
iid = (MediaItem*)0x000000011C211920
pos = 42.0720408163
length = 3.42695918368
posbeats = 9.54223609192e-12
poscml = 2
poscdenom = 4
posbpm = 84.0320121951
endbeats = 1.998999966
endcml = 2
endcdenom = 4
endbpm = 60.0020408857
intime = 6.81328639597e-12
outtime = 0.000999999989591
Sig 30 is in this item
Sig 31 is in this item
Entering replicate() with t=127.385813905
betweentime = 1.42802721088
Item moved to 128.813841116
Cloning sig 30 with offset 86.7418002997 to 128.813841116
Cloning sig 31 with offset 86.7418002997 to 130.241868327
incount marker position = 132.2418003
Cloning sig 30 with offset 91.5977866943 to 133.669827511
Cloning sig 31 with offset 91.5977866943 to 135.097854721
Item duped offset by 4.85598639456

0.0379769802094: Finished item processing
Sig at 133.669827511 is non-redundant
Sig at 132.2418003 is non-redundant
Sig at 128.813841116 is non-redundant
Sig at 127.385813905 is non-redundant
Sig at 124.680689189 is non-redundant
Sig at 123.322321842 is non-redundant
Sig at 120.617197125 is non-redundant
Sig at 119.258829778 is non-redundant
Sig at 116.495655175 is non-redundant
Sig at 115.160507783 is non-redundant
Sig at 112.39733318 is non-redundant
Sig at 111.062185787 is non-redundant
Sig at 108.206131365 is non-redundant
Sig at 106.731664245 is non-redundant
Sig at 103.875609824 is non-redundant
Sig at 102.401142703 is non-redundant
Sig at 99.6495780775 is non-redundant
Sig at 98.2215508666 is non-redundant
Sig at 95.4699862408 is non-redundant
Sig at 94.0419590299 is non-redundant
Sig at 91.3484442906 is non-redundant
Sig at 89.9088071024 is non-redundant
Sig at 87.2152923632 is non-redundant
Sig at 85.775655175 is non-redundant
Sig at 83.1169703677 is non-redundant
Sig at 81.7586030208 is non-redundant
Sig at 79.0999182135 is non-redundant
Sig at 77.7415508666 is non-redundant
Sig at 74.9319363541 is non-redundant
Sig at 73.4922991659 is non-redundant
Sig at 70.6826846535 is non-redundant
Sig at 69.2430474652 is non-redundant
Sig at 66.3986030208 is non-redundant
Sig at 64.9357458779 is non-redundant
Sig at 62.0913014335 is non-redundant
Sig at 60.6284442906 is non-redundant
Sig at 57.9581495061 is non-redundant
Sig at 56.6346120911 is non-redundant
Sig at 53.9643173065 is non-redundant
Sig at 52.6407798915 is non-redundant
Sig at 49.8195554018 is non-redundant
Sig at 48.4031381682 is non-redundant
Sig at 45.5819136784 is non-redundant
Sig at 44.1654964448 is non-redundant
Sig at 36.0152923632 is non-redundant
Sig at 33.1708479188 is non-redundant
Sig at 31.7544306852 is non-redundant
Sig at 28.9099862408 is non-redundant
Sig at 24.730394404 is non-redundant
Sig at 23.3836370344 is non-redundant
Sig at 20.6204624312 is non-redundant
Sig at 19.2737050616 is non-redundant
Sig at 16.3944306852 is non-redundant
Sig at 14.9315690841 is non-redundant
Sig at 12.0522947077 is non-redundant
Sig at 10.5894331066 is non-redundant
Sig at 7.29471655329 is non-redundant
Sig at 5.29471655329 is non-redundant
Sig at 2.00000000001 is non-redundant
0.0382421016693: Finished getting non-redundant sig times.
Created marker (2/4 84.7207991803) at timepos 3.87829931973
Created marker (4/4 120.0) at timepos 5.29471655329
Created marker (2/4 84.7207991803) at timepos 9.17301587302
Created marker (0/0 82.031) at timepos 10.5894331066
Created marker (0/0 84.7207991803) at timepos 13.5151518505
Created marker (0/0 82.031) at timepos 14.9315690841
Created marker (0/0 84.7207991803) at timepos 17.8572878281
Created marker (0/0 89.1029094828) at timepos 19.2737050616
Created marker (0/0 84.7207991803) at timepos 21.9672198008
Created marker (0/0 89.1029094828) at timepos 23.3836370344
Created marker (0/0 84.7207991803) at timepos 26.0771517736
Created marker (0/0 84.0320121951) at timepos 30.3264034743
Created marker (0/0 84.7207991803) at timepos 31.7544306852
Created marker (0/0 84.0320121951) at timepos 34.5872651523
Created marker (0/0 88.3413461539) at timepos 36.0152923632
Created marker (0/0 84.7207991803) at timepos 44.1654964448
Created marker (0/0 85.4209710744) at timepos 46.998330912
Created marker (0/0 84.7207991803) at timepos 48.4031381682
Created marker (0/0 85.4209710744) at timepos 51.2359726353
Created marker (0/0 90.6661184211) at timepos 52.6407798915
Created marker (0/0 89.1029094828) at timepos 55.2878547215
Created marker (0/0 90.6661184211) at timepos 56.6346120911
Created marker (0/0 89.1029094828) at timepos 59.281686921
Created marker (0/0 82.03125) at timepos 60.6284442906
Created marker (0/0 86.8566176471) at timepos 63.5541585764
Created marker (0/0 82.03125) at timepos 64.9357458779
Created marker (0/0 86.8566176471) at timepos 67.8614601637
Created marker (0/0 83.3543346774) at timepos 69.2430474652
Created marker (0/0 87.592690678) at timepos 72.1223218417
Created marker (0/0 83.3543346774) at timepos 73.4922991659
Created marker (0/0 87.592690678) at timepos 76.3715735423
Created marker (0/0 88.3413461539) at timepos 77.7415508666
Created marker (0/0 92.28515625) at timepos 80.4582855605
Created marker (0/0 88.3413461539) at timepos 81.7586030208
Created marker (0/0 92.28515625) at timepos 84.4753377147
Created marker (0/0 83.3543346774) at timepos 85.775655175
Created marker (0/0 95.703125) at timepos 88.6549295514
Created marker (0/0 83.3543346774) at timepos 89.9088071024
Created marker (0/0 95.703125) at timepos 92.7880814789
Created marker (0/0 84.0320121951) at timepos 94.0419590299
Created marker (0/0 90.6661184211) at timepos 96.8980134516
Created marker (0/0 84.0320121951) at timepos 98.2215508666
Created marker (0/0 90.6661184211) at timepos 101.077605288
Created marker (0/0 81.3853346457) at timepos 102.401142703
Created marker (0/0 86.8566176471) at timepos 105.350076944
Created marker (0/0 81.3853346457) at timepos 106.731664245
Created marker (0/0 86.8566176471) at timepos 109.680598486
Created marker (0/0 89.8777173913) at timepos 111.062185787
Created marker (0/0 84.0320121951) at timepos 113.732480572
Created marker (0/0 89.8777173913) at timepos 115.160507783
Created marker (0/0 84.0320121951) at timepos 117.830802567
Created marker (0/0 88.3413461539) at timepos 119.258829778
Created marker (0/0 89.1029094828) at timepos 121.975564472
Created marker (0/0 88.3413461539) at timepos 123.322321842
Created marker (0/0 89.1029094828) at timepos 126.039056536
Created marker (0/0 84.0320121951) at timepos 127.385813905
Created marker (0/0 60.0020408857) at timepos 130.241868327
Created marker (0/0 84.0320121951) at timepos 132.2418003
Created marker (0/0 60.0020408857) at timepos 135.097854721
0.0678172111511: Finished creating incount sigs.
0.0724930763245: Run completed.
